2023-08-28 13:23:13,876:INFO:root:Save the YOLO format into a .txt file.
2023-08-28 13:23:13,876:INFO:root:Successfully completed the conversion from Pascal format to YOLO format.
2023-08-28 13:23:29,018:INFO:root:Split the panda dataset into train, validation and test sets
2023-08-28 13:23:29,218:INFO:root:Split the fox dataset into train, validation and test sets
2023-08-28 13:23:29,339:INFO:root:Split the rhino dataset into train, validation and test sets
2023-08-28 13:23:29,545:INFO:root:Split the tiger dataset into train, validation and test sets
2023-08-28 13:23:29,910:INFO:root:Split the buffalo dataset into train, validation and test sets
2023-08-28 13:23:30,154:INFO:root:Split the cheetah dataset into train, validation and test sets
2023-08-28 13:23:30,319:INFO:root:Split the elephant dataset into train, validation and test sets
2023-08-28 13:23:30,677:INFO:root:Split the zebra dataset into train, validation and test sets
2023-08-28 13:23:31,019:INFO:root:Split the jaguar dataset into train, validation and test sets
2023-08-28 13:23:31,322:INFO:root:Split the lion dataset into train, validation and test sets
2023-08-28 13:23:31,322:INFO:root:Successfully completed the datasets splitting.
2023-08-29 17:07:05,225:INFO:root:Detected Image
2023-08-29 18:30:56,262:INFO:root:Detected Image
2024-04-16 16:25:33,700:INFO:root:Detected Image
2024-04-16 16:33:07,304:INFO:root:Detected Image
2024-04-18 16:13:22,674:INFO:root:Detected Image
2024-04-20 12:35:30,351:INFO:root:Detected Image
2024-04-20 12:35:40,385:INFO:root:Detected Image
2024-04-21 10:59:26,174:INFO:root:Detected Image
2024-04-21 11:00:09,422:INFO:root:Detected Image
2024-04-21 11:00:59,004:INFO:root:Detected Image
2024-04-22 14:31:49,077:INFO:root:Detected Image
2024-04-30 21:03:02,417:INFO:root:Detected Image
2024-05-23 19:52:15,728:INFO:root:Detected Image
2024-05-23 19:53:01,249:INFO:root:Detected Image
2024-05-23 19:53:19,167:INFO:root:Detected Image
2024-05-23 19:53:36,902:INFO:root:Detected Image
